<?xml version="1.0" encoding="UTF-8"?>
<!-- Generated by org.testng.reporters.JUnitReportReporter -->
<testsuite hostname="User" failures="0" tests="2" name="DataProviderConcepts.ToLearnConfigurationAnnotations" time="0.013" errors="0" timestamp="2024-10-17T13:29:01 IST" skipped="0">
  <testcase classname="DataProviderConcepts.ToLearnConfigurationAnnotations" name="TestCase002" time="0.001"/>
  <system-out>
    <![CDATA[Test Case 002 got executed...]]>
  </system-out>
  <testcase classname="DataProviderConcepts.ToLearnConfigurationAnnotations" name="TestCase001" time="0.012"/>
  <system-out>
    <![CDATA[Test Case 001 got executed...]]>
  </system-out>
</testsuite> <!-- DataProviderConcepts.ToLearnConfigurationAnnotations -->
