<?xml version="1.0" encoding="UTF-8"?>
<!-- Generated by org.testng.reporters.JUnitReportReporter -->
<testsuite hostname="User" failures="0" tests="1" name="Bikes.ToLaunchKTM" time="32.495" errors="0" timestamp="2024-10-21T18:09:24 IST" skipped="0">
  <testcase classname="Bikes.ToLaunchKTM" name="KTM" time="32.495"/>
  <system-out/>
</testsuite> <!-- Bikes.ToLaunchKTM -->
