<?xml version="1.0" encoding="UTF-8"?>
<!-- Generated by org.testng.reporters.JUnitReportReporter -->
<testsuite hostname="User" failures="0" tests="3" name="DataProviderConcepts.ToLearnDataProvider" time="0.011" errors="0" timestamp="2024-10-20T14:04:31 IST" skipped="0">
  <testcase classname="DataProviderConcepts.ToLearnDataProvider" name="fetchData" time="0.001"/>
  <system-out/>
  <testcase classname="DataProviderConcepts.ToLearnDataProvider" name="fetchData" time="0.009"/>
  <system-out/>
  <testcase classname="DataProviderConcepts.ToLearnDataProvider" name="fetchData" time="0.001"/>
  <system-out/>
</testsuite> <!-- DataProviderConcepts.ToLearnDataProvider -->
