<?xml version="1.0" encoding="UTF-8"?>
<!-- Generated by org.testng.reporters.JUnitReportReporter -->
<testsuite hostname="User" failures="0" tests="2" name="com.CRM.LearnConfigAnnotationsWithBaseClass.TestScriptForContacts" time="0.014" errors="0" timestamp="2024-10-17T15:51:47 IST" skipped="0">
  <testcase classname="com.CRM.LearnConfigAnnotationsWithBaseClass.TestScriptForContacts" name="executeForCreatingContact" time="0.010"/>
  <system-out/>
  <testcase classname="com.CRM.LearnConfigAnnotationsWithBaseClass.TestScriptForContacts" name="executeForCreatingContactWithDate" time="0.004"/>
  <system-out/>
</testsuite> <!-- com.CRM.LearnConfigAnnotationsWithBaseClass.TestScriptForContacts -->
