<?xml version="1.0" encoding="UTF-8"?>
<!-- Generated by org.testng.reporters.JUnitReportReporter -->
<testsuite hostname="User" failures="0" tests="1" name="Bikes.ToPerformRoyalEnfield" time="50.227" errors="0" timestamp="2024-10-21T18:09:24 IST" skipped="0">
  <testcase classname="Bikes.ToPerformRoyalEnfield" name="royalEnfield" time="50.227"/>
  <system-out/>
</testsuite> <!-- Bikes.ToPerformRoyalEnfield -->
