<?xml version="1.0" encoding="UTF-8"?>
<!-- Generated by org.testng.reporters.JUnitReportReporter -->
<testsuite hostname="User" failures="0" tests="1" name="com.CRM.OrganisationTest.TestScriptForOrg" time="12.876" errors="0" timestamp="2024-10-18T16:04:16 IST" skipped="0">
  <testcase classname="com.CRM.OrganisationTest.TestScriptForOrg" name="createOrg" time="12.876"/>
  <system-out/>
</testsuite> <!-- com.CRM.OrganisationTest.TestScriptForOrg -->
