<?xml version="1.0" encoding="UTF-8"?>
<!-- Generated by org.testng.reporters.JUnitReportReporter -->
<testsuite hostname="User" failures="0" tests="1" name="Practising_Concepts.ToLearnTestNG" time="0.012" errors="0" timestamp="2024-10-16T18:06:32 IST" skipped="0">
  <testcase classname="Practising_Concepts.ToLearnTestNG" name="nonTestNGMethod" time="0.012"/>
  <system-out/>
</testsuite> <!-- Practising_Concepts.ToLearnTestNG -->
