<?xml version="1.0" encoding="UTF-8"?>
<!-- Generated by org.testng.reporters.JUnitReportReporter -->
<testsuite hostname="User" failures="0" tests="1" name="com.CRM.OrganisationTest.TestScriptForDeleteOrg" time="45.260" errors="0" timestamp="2024-10-15T17:32:44 IST" skipped="0">
  <testcase classname="com.CRM.OrganisationTest.TestScriptForDeleteOrg" name="main" time="45.260"/>
  <system-out/>
</testsuite> <!-- com.CRM.OrganisationTest.TestScriptForDeleteOrg -->
