<?xml version="1.0" encoding="UTF-8"?>
<!-- Generated by org.testng.reporters.JUnitReportReporter -->
<testsuite hostname="User" failures="0" tests="1" name="LearnTestNGScreenshots.TestNGScreenshot" time="23.285" errors="0" timestamp="2024-10-23T12:40:36 IST" skipped="0">
  <testcase classname="LearnTestNGScreenshots.TestNGScreenshot" name="amazonPage" time="23.285"/>
  <system-out/>
</testsuite> <!-- LearnTestNGScreenshots.TestNGScreenshot -->
