<?xml version="1.0" encoding="UTF-8"?>
<!-- Generated by org.testng.reporters.JUnitReportReporter -->
<testsuite hostname="User" failures="0" tests="3" name="DataProviderConcepts.ToLearnDataProviderFromExcel" time="0.010" errors="0" timestamp="2024-10-16T15:48:43 IST" skipped="0">
  <testcase classname="DataProviderConcepts.ToLearnDataProviderFromExcel" name="fetchData" time="0.001"/>
  <system-out/>
  <testcase classname="DataProviderConcepts.ToLearnDataProviderFromExcel" name="fetchData" time="0.008"/>
  <system-out/>
  <testcase classname="DataProviderConcepts.ToLearnDataProviderFromExcel" name="fetchData" time="0.001"/>
  <system-out/>
</testsuite> <!-- DataProviderConcepts.ToLearnDataProviderFromExcel -->
