<?xml version="1.0" encoding="UTF-8"?>
<!-- Generated by org.testng.reporters.JUnitReportReporter -->
<testsuite hostname="User" failures="0" tests="3" name="DataProviderConcepts.FetchPriceOfProductOnAmazonFromExcelByDataProvider" time="52.033" errors="0" timestamp="2024-10-19T23:44:19 IST" skipped="0">
  <testcase classname="DataProviderConcepts.FetchPriceOfProductOnAmazonFromExcelByDataProvider" name="getprice" time="31.376"/>
  <system-out/>
  <testcase classname="DataProviderConcepts.FetchPriceOfProductOnAmazonFromExcelByDataProvider" name="getprice" time="11.340"/>
  <system-out/>
  <testcase classname="DataProviderConcepts.FetchPriceOfProductOnAmazonFromExcelByDataProvider" name="getprice" time="9.317"/>
  <system-out/>
</testsuite> <!-- DataProviderConcepts.FetchPriceOfProductOnAmazonFromExcelByDataProvider -->
