<?xml version="1.0" encoding="UTF-8"?>
<!-- Generated by org.testng.reporters.JUnitReportReporter -->
<testsuite hostname="User" failures="0" tests="2" name="Practising_Concepts.ToLearnConfigurationAnnotations" time="0.003" errors="0" timestamp="2024-10-17T12:53:30 IST" skipped="0">
  <testcase classname="Practising_Concepts.ToLearnConfigurationAnnotations" name="configMethod2" time="0.001"/>
  <system-out/>
  <testcase classname="Practising_Concepts.ToLearnConfigurationAnnotations" name="configMethod1" time="0.002"/>
  <system-out/>
</testsuite> <!-- Practising_Concepts.ToLearnConfigurationAnnotations -->
