<?xml version="1.0" encoding="UTF-8"?>
<!-- Generated by org.testng.reporters.JUnitReportReporter -->
<testsuite hostname="User" failures="0" tests="3" name="com.CRM.ServicesTest.TestScriptForServices" time="103.434" errors="0" timestamp="2024-10-24T12:23:24 IST" skipped="0">
  <testcase classname="com.CRM.ServicesTest.TestScriptForServices" name="addServicesWithCredentials" time="35.040"/>
  <system-out>
    <![CDATA[I--Test Execution Starts.....
Data is saved.....
I--Test Execution Success.....]]>
  </system-out>
  <testcase classname="com.CRM.ServicesTest.TestScriptForServices" name="addServiceName" time="35.678"/>
  <system-out>
    <![CDATA[I--Test Execution Starts.....
Data is saved.....
I--Test Execution Success.....]]>
  </system-out>
  <testcase classname="com.CRM.ServicesTest.TestScriptForServices" name="addServiceswithDate" time="32.716"/>
  <system-out>
    <![CDATA[I--Test Execution Starts.....
Data is saved.....
I--Test Execution Success.....]]>
  </system-out>
</testsuite> <!-- com.CRM.ServicesTest.TestScriptForServices -->
