<?xml version="1.0" encoding="UTF-8"?>
<!-- Generated by org.testng.reporters.JUnitReportReporter -->
<testsuite hostname="User" failures="0" tests="3" name="com.CRM.ProductsTest.TestScriptForProducts" time="106.179" errors="0" timestamp="2024-10-24T12:23:24 IST" skipped="0">
  <testcase classname="com.CRM.ProductsTest.TestScriptForProducts" name="addProductName" time="39.010"/>
  <system-out>
    <![CDATA[I--Test Execution Starts.....
I--Test Execution Success.....]]>
  </system-out>
  <testcase classname="com.CRM.ProductsTest.TestScriptForProducts" name="addProductWithCredentials" time="34.253"/>
  <system-out>
    <![CDATA[I--Test Execution Starts.....
I--Test Execution Success.....]]>
  </system-out>
  <testcase classname="com.CRM.ProductsTest.TestScriptForProducts" name="addProductWithDate" time="32.916"/>
  <system-out>
    <![CDATA[I--Test Execution Starts.....
I--Test Execution Success.....]]>
  </system-out>
</testsuite> <!-- com.CRM.ProductsTest.TestScriptForProducts -->
