<?xml version="1.0" encoding="UTF-8"?>
<!-- Generated by org.testng.reporters.JUnitReportReporter -->
<testsuite hostname="User" failures="0" tests="2" name="com.CRM.LearnConfigAnnotationsWithBaseClass.TestScriptForOrg" time="0.003" errors="0" timestamp="2024-10-17T15:51:47 IST" skipped="0">
  <testcase classname="com.CRM.LearnConfigAnnotationsWithBaseClass.TestScriptForOrg" name="executeForCreatingOrg" time="0.001"/>
  <system-out/>
  <testcase classname="com.CRM.LearnConfigAnnotationsWithBaseClass.TestScriptForOrg" name="executeForCreatingOrgWithIndustry" time="0.002"/>
  <system-out/>
</testsuite> <!-- com.CRM.LearnConfigAnnotationsWithBaseClass.TestScriptForOrg -->
