<?xml version="1.0" encoding="UTF-8"?>
<!-- Generated by org.testng.reporters.JUnitReportReporter -->
<testsuite hostname="User" failures="0" tests="3" name="DataProviderConcepts.FetchPriceOfProductOnAmazonByDataProvider" time="24.782" errors="0" timestamp="2024-10-16T14:54:11 IST" skipped="0">
  <testcase classname="DataProviderConcepts.FetchPriceOfProductOnAmazonByDataProvider" name="getprice" time="7.837"/>
  <system-out/>
  <testcase classname="DataProviderConcepts.FetchPriceOfProductOnAmazonByDataProvider" name="getprice" time="9.151"/>
  <system-out/>
  <testcase classname="DataProviderConcepts.FetchPriceOfProductOnAmazonByDataProvider" name="getprice" time="7.794"/>
  <system-out/>
</testsuite> <!-- DataProviderConcepts.FetchPriceOfProductOnAmazonByDataProvider -->
