<?xml version="1.0" encoding="UTF-8"?>
<!-- Generated by org.testng.reporters.JUnitXMLReporter -->
<testsuite ignored="0" hostname="User" failures="0" tests="3" name="Test--------&gt;Firefox" time="114.609" errors="0" timestamp="2024-10-24T12:22:37 IST">
  <testcase classname="com.CRM.ProductsTest.TestScriptForProducts" name="addProductName" time="23.81"/>
  <testcase classname="com.CRM.ProductsTest.TestScriptForProducts" name="addProductWithCredentials" time="25.786"/>
  <testcase classname="com.CRM.ProductsTest.TestScriptForProducts" name="addProductWithDate" time="24.004"/>
</testsuite> <!-- Test->Firefox -->
