<?xml version="1.0" encoding="UTF-8"?>
<!-- Generated by org.testng.reporters.JUnitXMLReporter -->
<testsuite ignored="0" hostname="User" failures="0" tests="3" name="Test----&gt;Firefox" time="112.136" errors="0" timestamp="2024-10-24T12:22:35 IST">
  <testcase classname="com.CRM.ServicesTest.TestScriptForServices" name="addServiceName" time="26.737"/>
  <testcase classname="com.CRM.ServicesTest.TestScriptForServices" name="addServicesWithCredentials" time="23.506"/>
  <testcase classname="com.CRM.ServicesTest.TestScriptForServices" name="addServiceswithDate" time="23.156"/>
</testsuite> <!-- Test->Firefox -->
