<?xml version="1.0" encoding="UTF-8"?>
<!-- Generated by org.testng.reporters.JUnitXMLReporter -->
<testsuite ignored="0" hostname="User" failures="0" tests="3" name="Test-----&gt;Chrome" time="114.955" errors="0" timestamp="2024-10-24T12:22:37 IST">
  <testcase classname="com.CRM.LeadsTest.TestScriptForLeads" name="createLeads" time="26.146"/>
  <testcase classname="com.CRM.LeadsTest.TestScriptForLeads" name="createLeadsWithContact" time="22.295"/>
  <testcase classname="com.CRM.LeadsTest.TestScriptForLeads" name="createLeadsWithCredenials" time="24.153"/>
</testsuite> <!-- Test->Chrome -->
