<?xml version="1.0" encoding="UTF-8"?>
<!-- Generated by org.testng.reporters.JUnitXMLReporter -->
<testsuite ignored="0" hostname="User" failures="0" tests="3" name="Test-------&gt;Edge" time="150.393" errors="0" timestamp="2024-10-24T12:23:13 IST">
  <testcase classname="com.CRM.ContactTest.TestScriptForCont" name="createContact" time="27.757"/>
  <testcase classname="com.CRM.ContactTest.TestScriptForCont" name="createContactWithDate" time="23.321"/>
  <testcase classname="com.CRM.ContactTest.TestScriptForCont" name="createContactWithOrgCredentials" time="57.945"/>
</testsuite> <!-- Test->Edge -->
