<?xml version="1.0" encoding="UTF-8"?>
<!-- Generated by org.testng.reporters.JUnitXMLReporter -->
<testsuite ignored="3" hostname="User" failures="0" tests="1" name="Test-1" time="51.207" errors="0" timestamp="2024-10-24T10:59:58 IST">
  <testcase classname="com.CRM.OrganisationTest.TestScriptForOrganisation" name="deleteOrg" time="35.653"/>
  <testcase classname="com.CRM.OrganisationTest.TestScriptForOrganisation" name="createOrgWithCredentials" time="0.0">
    <ignored/>
  </testcase> <!-- createOrgWithCredentials -->
  <testcase classname="com.CRM.OrganisationTest.TestScriptForOrganisation" name="createOrgWithContact" time="0.0">
    <ignored/>
  </testcase> <!-- createOrgWithContact -->
  <testcase classname="com.CRM.OrganisationTest.TestScriptForOrganisation" name="createOrg" time="0.0">
    <ignored/>
  </testcase> <!-- createOrg -->
</testsuite> <!-- Test-1 -->
